{"/Users/sharugesan/Downloads/taskpulse-fullstack-main/backend/models/User.js": {"path":"/Users/sharugesan/Downloads/taskpulse-fullstack-main/backend/models/User.js","statementMap":{"0":{"start":{"line":3,"column":19},"end":{"line":10,"column":1}}},"fnMap":{},"branchMap":{},"s":{"0":1},"f":{},"b":{},"inputSourceMap":null,"_coverageSchema":"1a1c01bbd47fc00a2c39e90264f33305004495a9","hash":"096b960067b92d04936820718fc275907f14506b"}
,"/Users/sharugesan/Downloads/taskpulse-fullstack-main/backend/routes/authRoutes.js": {"path":"/Users/sharugesan/Downloads/taskpulse-fullstack-main/backend/routes/authRoutes.js","statementMap":{"0":{"start":{"line":6,"column":15},"end":{"line":6,"column":31}},"1":{"start":{"line":7,"column":19},"end":{"line":7,"column":72}},"2":{"start":{"line":9,"column":25},"end":{"line":17,"column":1}},"3":{"start":{"line":10,"column":2},"end":{"line":16,"column":4}},"4":{"start":{"line":20,"column":0},"end":{"line":61,"column":3}},"5":{"start":{"line":21,"column":2},"end":{"line":21,"column":77}},"6":{"start":{"line":22,"column":2},"end":{"line":60,"column":3}},"7":{"start":{"line":23,"column":42},"end":{"line":23,"column":50}},"8":{"start":{"line":25,"column":4},"end":{"line":27,"column":5}},"9":{"start":{"line":26,"column":6},"end":{"line":26,"column":75}},"10":{"start":{"line":29,"column":4},"end":{"line":34,"column":5}},"11":{"start":{"line":30,"column":6},"end":{"line":33,"column":9}},"12":{"start":{"line":36,"column":28},"end":{"line":36,"column":54}},"13":{"start":{"line":37,"column":25},"end":{"line":37,"column":71}},"14":{"start":{"line":38,"column":4},"end":{"line":40,"column":5}},"15":{"start":{"line":39,"column":6},"end":{"line":39,"column":90}},"16":{"start":{"line":42,"column":17},"end":{"line":42,"column":41}},"17":{"start":{"line":43,"column":27},"end":{"line":43,"column":60}},"18":{"start":{"line":45,"column":20},"end":{"line":49,"column":6}},"19":{"start":{"line":51,"column":4},"end":{"line":51,"column":81}},"20":{"start":{"line":53,"column":4},"end":{"line":56,"column":7}},"21":{"start":{"line":58,"column":4},"end":{"line":58,"column":52}},"22":{"start":{"line":59,"column":4},"end":{"line":59,"column":60}},"23":{"start":{"line":64,"column":0},"end":{"line":101,"column":3}},"24":{"start":{"line":65,"column":2},"end":{"line":65,"column":70}},"25":{"start":{"line":66,"column":2},"end":{"line":100,"column":3}},"26":{"start":{"line":67,"column":32},"end":{"line":67,"column":40}},"27":{"start":{"line":69,"column":4},"end":{"line":71,"column":5}},"28":{"start":{"line":70,"column":6},"end":{"line":70,"column":83}},"29":{"start":{"line":73,"column":28},"end":{"line":73,"column":54}},"30":{"start":{"line":74,"column":17},"end":{"line":74,"column":63}},"31":{"start":{"line":75,"column":4},"end":{"line":77,"column":5}},"32":{"start":{"line":76,"column":6},"end":{"line":76,"column":77}},"33":{"start":{"line":79,"column":20},"end":{"line":79,"column":65}},"34":{"start":{"line":80,"column":4},"end":{"line":82,"column":5}},"35":{"start":{"line":81,"column":6},"end":{"line":81,"column":77}},"36":{"start":{"line":84,"column":18},"end":{"line":88,"column":5}},"37":{"start":{"line":90,"column":4},"end":{"line":90,"column":75}},"38":{"start":{"line":92,"column":4},"end":{"line":96,"column":7}},"39":{"start":{"line":98,"column":4},"end":{"line":98,"column":49}},"40":{"start":{"line":99,"column":4},"end":{"line":99,"column":60}}},"fnMap":{"0":{"name":"(anonymous_0)","decl":{"start":{"line":9,"column":25},"end":{"line":9,"column":26}},"loc":{"start":{"line":9,"column":34},"end":{"line":17,"column":1}},"line":9},"1":{"name":"(anonymous_1)","decl":{"start":{"line":20,"column":25},"end":{"line":20,"column":26}},"loc":{"start":{"line":20,"column":45},"end":{"line":61,"column":1}},"line":20},"2":{"name":"(anonymous_2)","decl":{"start":{"line":64,"column":22},"end":{"line":64,"column":23}},"loc":{"start":{"line":64,"column":42},"end":{"line":101,"column":1}},"line":64}},"branchMap":{"0":{"loc":{"start":{"line":7,"column":19},"end":{"line":7,"column":72}},"type":"binary-expr","locations":[{"start":{"line":7,"column":19},"end":{"line":7,"column":41}},{"start":{"line":7,"column":45},"end":{"line":7,"column":72}}],"line":7},"1":{"loc":{"start":{"line":11,"column":4},"end":{"line":15,"column":51}},"type":"binary-expr","locations":[{"start":{"line":11,"column":4},"end":{"line":11,"column":19}},{"start":{"line":12,"column":4},"end":{"line":12,"column":21}},{"start":{"line":13,"column":4},"end":{"line":13,"column":21}},{"start":{"line":14,"column":4},"end":{"line":14,"column":21}},{"start":{"line":15,"column":4},"end":{"line":15,"column":51}}],"line":11},"2":{"loc":{"start":{"line":25,"column":4},"end":{"line":27,"column":5}},"type":"if","locations":[{"start":{"line":25,"column":4},"end":{"line":27,"column":5}},{"start":{},"end":{}}],"line":25},"3":{"loc":{"start":{"line":25,"column":8},"end":{"line":25,"column":40}},"type":"binary-expr","locations":[{"start":{"line":25,"column":8},"end":{"line":25,"column":17}},{"start":{"line":25,"column":21},"end":{"line":25,"column":27}},{"start":{"line":25,"column":31},"end":{"line":25,"column":40}}],"line":25},"4":{"loc":{"start":{"line":29,"column":4},"end":{"line":34,"column":5}},"type":"if","locations":[{"start":{"line":29,"column":4},"end":{"line":34,"column":5}},{"start":{},"end":{}}],"line":29},"5":{"loc":{"start":{"line":38,"column":4},"end":{"line":40,"column":5}},"type":"if","locations":[{"start":{"line":38,"column":4},"end":{"line":40,"column":5}},{"start":{},"end":{}}],"line":38},"6":{"loc":{"start":{"line":69,"column":4},"end":{"line":71,"column":5}},"type":"if","locations":[{"start":{"line":69,"column":4},"end":{"line":71,"column":5}},{"start":{},"end":{}}],"line":69},"7":{"loc":{"start":{"line":69,"column":8},"end":{"line":69,"column":27}},"type":"binary-expr","locations":[{"start":{"line":69,"column":8},"end":{"line":69,"column":14}},{"start":{"line":69,"column":18},"end":{"line":69,"column":27}}],"line":69},"8":{"loc":{"start":{"line":75,"column":4},"end":{"line":77,"column":5}},"type":"if","locations":[{"start":{"line":75,"column":4},"end":{"line":77,"column":5}},{"start":{},"end":{}}],"line":75},"9":{"loc":{"start":{"line":80,"column":4},"end":{"line":82,"column":5}},"type":"if","locations":[{"start":{"line":80,"column":4},"end":{"line":82,"column":5}},{"start":{},"end":{}}],"line":80}},"s":{"0":1,"1":1,"2":1,"3":4,"4":1,"5":5,"6":5,"7":5,"8":5,"9":1,"10":4,"11":1,"12":3,"13":3,"14":3,"15":0,"16":3,"17":3,"18":3,"19":3,"20":3,"21":0,"22":0,"23":1,"24":2,"25":2,"26":2,"27":2,"28":0,"29":2,"30":2,"31":2,"32":0,"33":2,"34":2,"35":1,"36":1,"37":1,"38":1,"39":0,"40":0},"f":{"0":4,"1":5,"2":2},"b":{"0":[1,1],"1":[4,3,3,3,3],"2":[1,4],"3":[5,4,4],"4":[1,3],"5":[0,3],"6":[0,2],"7":[2,2],"8":[0,2],"9":[1,1]},"inputSourceMap":null,"_coverageSchema":"1a1c01bbd47fc00a2c39e90264f33305004495a9","hash":"bd3844d1e1ef199270bd11334a07aebeb9924c91"}
}
