TN:
SF:models/User.js
FNF:0
FNH:0
DA:3,1
LF:1
LH:1
BRF:0
BRH:0
end_of_record
TN:
SF:routes/authRoutes.js
FN:9,(anonymous_0)
FN:20,(anonymous_1)
FN:64,(anonymous_2)
FNF:3
FNH:3
FNDA:4,(anonymous_0)
FNDA:5,(anonymous_1)
FNDA:2,(anonymous_2)
DA:6,1
DA:7,1
DA:9,1
DA:10,4
DA:20,1
DA:21,5
DA:22,5
DA:23,5
DA:25,5
DA:26,1
DA:29,4
DA:30,1
DA:36,3
DA:37,3
DA:38,3
DA:39,0
DA:42,3
DA:43,3
DA:45,3
DA:51,3
DA:53,3
DA:58,0
DA:59,0
DA:64,1
DA:65,2
DA:66,2
DA:67,2
DA:69,2
DA:70,0
DA:73,2
DA:74,2
DA:75,2
DA:76,0
DA:79,2
DA:80,2
DA:81,1
DA:84,1
DA:90,1
DA:92,1
DA:98,0
DA:99,0
LF:41
LH:34
BRDA:7,0,0,1
BRDA:7,0,1,1
BRDA:11,1,0,4
BRDA:11,1,1,3
BRDA:11,1,2,3
BRDA:11,1,3,3
BRDA:11,1,4,3
BRDA:25,2,0,1
BRDA:25,2,1,4
BRDA:25,3,0,5
BRDA:25,3,1,4
BRDA:25,3,2,4
BRDA:29,4,0,1
BRDA:29,4,1,3
BRDA:38,5,0,0
BRDA:38,5,1,3
BRDA:69,6,0,0
BRDA:69,6,1,2
BRDA:69,7,0,2
BRDA:69,7,1,2
BRDA:75,8,0,0
BRDA:75,8,1,2
BRDA:80,9,0,1
BRDA:80,9,1,1
BRF:24
BRH:21
end_of_record
